[0118/220701.479:ERROR:process_reader_win.cc(123)] NtOpenThread: {Access Denied} A process has requested access to an object, but has not been granted those access rights. (0xc0000022)
[0118/220701.497:ERROR:exception_snapshot_win.cc(98)] thread ID 28616 not found in process
[0118/221118.268:ERROR:process_reader_win.cc(123)] NtOpenThread: {Access Denied} A process has requested access to an object, but has not been granted those access rights. (0xc0000022)
[0118/221118.269:ERROR:exception_snapshot_win.cc(98)] thread ID 28120 not found in process
[0118/231558.669:ERROR:process_reader_win.cc(123)] NtOpenThread: {Access Denied} A process has requested access to an object, but has not been granted those access rights. (0xc0000022)
[0118/231558.840:ERROR:exception_snapshot_win.cc(98)] thread ID 10576 not found in process
[0118/231844.970:ERROR:process_reader_win.cc(123)] NtOpenThread: {Access Denied} A process has requested access to an object, but has not been granted those access rights. (0xc0000022)
[0118/231844.971:ERROR:exception_snapshot_win.cc(98)] thread ID 9084 not found in process
[0118/232842.771:ERROR:process_reader_win.cc(123)] NtOpenThread: {Access Denied} A process has requested access to an object, but has not been granted those access rights. (0xc0000022)
[0118/232842.772:ERROR:exception_snapshot_win.cc(98)] thread ID 16960 not found in process
[0119/105837.067:ERROR:process_reader_win.cc(123)] NtOpenThread: {Access Denied} A process has requested access to an object, but has not been granted those access rights. (0xc0000022)
[0119/105837.662:ERROR:exception_snapshot_win.cc(98)] thread ID 14660 not found in process
<<<<<<< HEAD
[0120/011342.414:ERROR:process_reader_win.cc(123)] NtOpenThread: {Access Denied} A process has requested access to an object, but has not been granted those access rights. (0xc0000022)
[0120/011342.444:ERROR:exception_snapshot_win.cc(98)] thread ID 24884 not found in process
[0120/011449.224:ERROR:process_reader_win.cc(123)] NtOpenThread: {Access Denied} A process has requested access to an object, but has not been granted those access rights. (0xc0000022)
[0120/011449.225:ERROR:exception_snapshot_win.cc(98)] thread ID 2312 not found in process
[0122/204824.962:ERROR:process_reader_win.cc(123)] NtOpenThread: {Access Denied} A process has requested access to an object, but has not been granted those access rights. (0xc0000022)
[0122/204825.017:ERROR:exception_snapshot_win.cc(98)] thread ID 20156 not found in process
[0122/204953.300:ERROR:process_reader_win.cc(123)] NtOpenThread: {Access Denied} A process has requested access to an object, but has not been granted those access rights. (0xc0000022)
[0122/204953.300:ERROR:exception_snapshot_win.cc(98)] thread ID 1792 not found in process
[0122/205508.182:ERROR:process_reader_win.cc(123)] NtOpenThread: {Access Denied} A process has requested access to an object, but has not been granted those access rights. (0xc0000022)
[0122/205508.185:ERROR:exception_snapshot_win.cc(98)] thread ID 18012 not found in process
=======
>>>>>>> 31bee857ab196b147925431a10b03464e7051e3b
